\BOOKMARK [1][-]{section.1}{Experimental design and parameters}{}% 1
\BOOKMARK [1][-]{section.2}{Seed bag burial experiments}{}% 2
\BOOKMARK [2][-]{subsection.2.1}{Data}{section.2}% 3
\BOOKMARK [2][-]{subsection.2.2}{Models}{section.2}% 4
\BOOKMARK [3][-]{subsubsection.2.2.1}{Conditional germination}{subsection.2.2}% 5
\BOOKMARK [3][-]{subsubsection.2.2.2}{Survival}{subsection.2.2}% 6
\BOOKMARK [3][-]{subsubsection.2.2.3}{Germination histories}{subsection.2.2}% 7
\BOOKMARK [3][-]{subsubsection.2.2.4}{Linking germination and seed survival}{subsection.2.2}% 8
\BOOKMARK [2][-]{subsection.2.3}{Estimating seed survival from reproduction to October}{section.2}% 9
\BOOKMARK [2][-]{subsection.2.4}{Simulations}{section.2}% 10
\BOOKMARK [2][-]{subsection.2.5}{Directed acyclic graphs}{section.2}% 11
\BOOKMARK [3][-]{subsubsection.2.5.1}{Germination}{subsection.2.5}% 12
\BOOKMARK [3][-]{subsubsection.2.5.2}{Seed survival}{subsection.2.5}% 13
\BOOKMARK [3][-]{subsubsection.2.5.3}{Seed survival from June to October}{subsection.2.5}% 14
\BOOKMARK [3][-]{subsubsection.2.5.4}{Full model: germination, seed survivorship, initial seed survival}{subsection.2.5}% 15
\BOOKMARK [1][-]{section.3}{Viability trials}{}% 16
\BOOKMARK [2][-]{subsection.3.1}{Data}{section.3}% 17
\BOOKMARK [2][-]{subsection.3.2}{Model}{section.3}% 18
\BOOKMARK [2][-]{subsection.3.3}{Directed acyclic graphs}{section.3}% 19
\BOOKMARK [1][-]{section.4}{Estimated parameters to model parameters}{}% 20
