This is pdfTeX, Version 3.14159265-2.6-1.40.21 (TeX Live 2020) (preloaded format=pdflatex 2020.12.14)  10 JAN 2021 20:08
entering extended mode
 restricted \write18 enabled.
 file:line:error style messages enabled.
 %&-line parsing enabled.
**appendix-model-explanation.tex
(./appendix-model-explanation.tex
LaTeX2e <2020-10-01> patch level 2
L3 programming layer <2020-12-07> xparse <2020-03-03>
(/usr/local/texlive/2020/texmf-dist/tex/latex/base/article.cls
Document Class: article 2020/04/10 v1.4m Standard LaTeX document class
(/usr/local/texlive/2020/texmf-dist/tex/latex/base/size12.clo
File: size12.clo 2020/04/10 v1.4m Standard LaTeX file (size option)
)
\c@part=\count177
\c@section=\count178
\c@subsection=\count179
\c@subsubsection=\count180
\c@paragraph=\count181
\c@subparagraph=\count182
\c@figure=\count183
\c@table=\count184
\abovecaptionskip=\skip47
\belowcaptionskip=\skip48
\bibindent=\dimen138
)
(/usr/local/texlive/2020/texmf-dist/tex/latex/graphics/graphicx.sty
Package: graphicx 2020/09/09 v1.2b Enhanced LaTeX Graphics (DPC,SPQR)

(/usr/local/texlive/2020/texmf-dist/tex/latex/graphics/keyval.sty
Package: keyval 2014/10/28 v1.15 key=value parser (DPC)
\KV@toks@=\toks15
)
(/usr/local/texlive/2020/texmf-dist/tex/latex/graphics/graphics.sty
Package: graphics 2020/08/30 v1.4c Standard LaTeX Graphics (DPC,SPQR)

(/usr/local/texlive/2020/texmf-dist/tex/latex/graphics/trig.sty
Package: trig 2016/01/03 v1.10 sin cos tan (DPC)
)
(/usr/local/texlive/2020/texmf-dist/tex/latex/graphics-cfg/graphics.cfg
File: graphics.cfg 2016/06/04 v1.11 sample graphics configuration
)
Package graphics Info: Driver file: pdftex.def on input line 105.

(/usr/local/texlive/2020/texmf-dist/tex/latex/graphics-def/pdftex.def
File: pdftex.def 2020/10/05 v1.2a Graphics/color driver for pdftex
))
\Gin@req@height=\dimen139
\Gin@req@width=\dimen140
)
(/usr/local/texlive/2020/texmf-dist/tex/latex/caption/subcaption.sty
Package: subcaption 2020/10/07 v1.3j Sub-captions (AR)

(/usr/local/texlive/2020/texmf-dist/tex/latex/caption/caption.sty
Package: caption 2020/10/26 v3.5g Customizing captions (AR)

(/usr/local/texlive/2020/texmf-dist/tex/latex/caption/caption3.sty
Package: caption3 2020/10/21 v2.2e caption3 kernel (AR)
\captionmargin=\dimen141
\captionmargin@=\dimen142
\captionwidth=\dimen143
\caption@tempdima=\dimen144
\caption@indent=\dimen145
\caption@parindent=\dimen146
\caption@hangindent=\dimen147
Package caption Info: Standard document class detected.
)
\c@caption@flags=\count185
\c@continuedfloat=\count186
)
\c@subfigure=\count187
\c@subtable=\count188
)
(/usr/local/texlive/2020/texmf-dist/tex/latex/geometry/geometry.sty
Package: geometry 2020/01/02 v5.9 Page Geometry

(/usr/local/texlive/2020/texmf-dist/tex/generic/iftex/ifvtex.sty
Package: ifvtex 2019/10/25 v1.7 ifvtex legacy package. Use iftex instead.

(/usr/local/texlive/2020/texmf-dist/tex/generic/iftex/iftex.sty
Package: iftex 2020/03/06 v1.0d TeX engine tests
))
\Gm@cnth=\count189
\Gm@cntv=\count190
\c@Gm@tempcnt=\count191
\Gm@bindingoffset=\dimen148
\Gm@wd@mp=\dimen149
\Gm@odd@mp=\dimen150
\Gm@even@mp=\dimen151
\Gm@layoutwidth=\dimen152
\Gm@layoutheight=\dimen153
\Gm@layouthoffset=\dimen154
\Gm@layoutvoffset=\dimen155
\Gm@dimlist=\toks16
)
(/usr/local/texlive/2020/texmf-dist/tex/latex/base/textcomp.sty
Package: textcomp 2020/02/02 v2.0n Standard LaTeX package
)
(/usr/local/texlive/2020/texmf-dist/tex/latex/amsmath/amsmath.sty
Package: amsmath 2020/09/23 v2.17i AMS math features
\@mathmargin=\skip49

For additional information on amsmath, use the `?' option.
(/usr/local/texlive/2020/texmf-dist/tex/latex/amsmath/amstext.sty
Package: amstext 2000/06/29 v2.01 AMS text

(/usr/local/texlive/2020/texmf-dist/tex/latex/amsmath/amsgen.sty
File: amsgen.sty 1999/11/30 v2.0 generic functions
\@emptytoks=\toks17
\ex@=\dimen156
))
(/usr/local/texlive/2020/texmf-dist/tex/latex/amsmath/amsbsy.sty
Package: amsbsy 1999/11/29 v1.2d Bold Symbols
\pmbraise@=\dimen157
)
(/usr/local/texlive/2020/texmf-dist/tex/latex/amsmath/amsopn.sty
Package: amsopn 2016/03/08 v2.02 operator names
)
\inf@bad=\count192
LaTeX Info: Redefining \frac on input line 234.
\uproot@=\count193
\leftroot@=\count194
LaTeX Info: Redefining \overline on input line 399.
\classnum@=\count195
\DOTSCASE@=\count196
LaTeX Info: Redefining \ldots on input line 496.
LaTeX Info: Redefining \dots on input line 499.
LaTeX Info: Redefining \cdots on input line 620.
\Mathstrutbox@=\box47
\strutbox@=\box48
\big@size=\dimen158
LaTeX Font Info:    Redeclaring font encoding OML on input line 743.
LaTeX Font Info:    Redeclaring font encoding OMS on input line 744.
\macc@depth=\count197
\c@MaxMatrixCols=\count198
\dotsspace@=\muskip16
\c@parentequation=\count199
\dspbrk@lvl=\count266
\tag@help=\toks18
\row@=\count267
\column@=\count268
\maxfields@=\count269
\andhelp@=\toks19
\eqnshift@=\dimen159
\alignsep@=\dimen160
\tagshift@=\dimen161
\tagwidth@=\dimen162
\totwidth@=\dimen163
\lineht@=\dimen164
\@envbody=\toks20
\multlinegap=\skip50
\multlinetaggap=\skip51
\mathdisplay@stack=\toks21
LaTeX Info: Redefining \[ on input line 2923.
LaTeX Info: Redefining \] on input line 2924.
)
(/usr/local/texlive/2020/texmf-dist/tex/latex/amsfonts/amssymb.sty
Package: amssymb 2013/01/14 v3.01 AMS font symbols

(/usr/local/texlive/2020/texmf-dist/tex/latex/amsfonts/amsfonts.sty
Package: amsfonts 2013/01/14 v3.01 Basic AMSFonts support
\symAMSa=\mathgroup4
\symAMSb=\mathgroup5
LaTeX Font Info:    Redeclaring math symbol \hbar on input line 98.
LaTeX Font Info:    Overwriting math alphabet `\mathfrak' in version `bold'
(Font)                  U/euf/m/n --> U/euf/b/n on input line 106.
))
(/usr/local/texlive/2020/texmf-dist/tex/latex/fancyhdr/fancyhdr.sty
Package: fancyhdr 2019/01/31 v3.10 Extensive control of page headers and footer
s
\f@nch@headwidth=\skip52
\f@nch@O@elh=\skip53
\f@nch@O@erh=\skip54
\f@nch@O@olh=\skip55
\f@nch@O@orh=\skip56
\f@nch@O@elf=\skip57
\f@nch@O@erf=\skip58
\f@nch@O@olf=\skip59
\f@nch@O@orf=\skip60
)
(/usr/local/texlive/2020/texmf-dist/tex/latex/tools/bm.sty
Package: bm 2019/07/24 v1.2d Bold Symbol Support (DPC/FMi)
\symboldoperators=\mathgroup6
\symboldletters=\mathgroup7
\symboldsymbols=\mathgroup8
LaTeX Font Info:    Redeclaring math alphabet \mathbf on input line 141.
LaTeX Info: Redefining \bm on input line 209.
)
(/usr/local/texlive/2020/texmf-dist/tex/latex/lineno/lineno.sty
Package: lineno 2005/11/02 line numbers on paragraphs v4.41
\linenopenalty=\count270
\output=\toks22
\linenoprevgraf=\count271
\linenumbersep=\dimen165
\linenumberwidth=\dimen166
\c@linenumber=\count272
\c@pagewiselinenumber=\count273
\c@LN@truepage=\count274
\c@internallinenumber=\count275
\c@internallinenumbers=\count276
\quotelinenumbersep=\dimen167
\bframerule=\dimen168
\bframesep=\dimen169
\bframebox=\box49
LaTeX Info: Redefining \\ on input line 3056.
)
(/usr/local/texlive/2020/texmf-dist/tex/latex/pdfpages/pdfpages.sty
Package: pdfpages 2020/01/28 v0.5q Insert pages of external PDF documents (AM)

(/usr/local/texlive/2020/texmf-dist/tex/latex/base/ifthen.sty
Package: ifthen 2014/09/29 v1.1c Standard LaTeX ifthen package (DPC)
)
(/usr/local/texlive/2020/texmf-dist/tex/latex/tools/calc.sty
Package: calc 2017/05/25 v4.3 Infix arithmetic (KKT,FJ)
\calc@Acount=\count277
\calc@Bcount=\count278
\calc@Adimen=\dimen170
\calc@Bdimen=\dimen171
\calc@Askip=\skip61
\calc@Bskip=\skip62
LaTeX Info: Redefining \setlength on input line 80.
LaTeX Info: Redefining \addtolength on input line 81.
\calc@Ccount=\count279
\calc@Cskip=\skip63
)
(/usr/local/texlive/2020/texmf-dist/tex/latex/eso-pic/eso-pic.sty
Package: eso-pic 2020/10/14 v3.0a eso-pic (RN)
\ESO@tempdima=\dimen172
\ESO@tempdimb=\dimen173

(/usr/local/texlive/2020/texmf-dist/tex/latex/xcolor/xcolor.sty
Package: xcolor 2016/05/11 v2.12 LaTeX color extensions (UK)

(/usr/local/texlive/2020/texmf-dist/tex/latex/graphics-cfg/color.cfg
File: color.cfg 2016/01/02 v1.6 sample color configuration
)
Package xcolor Info: Driver file: pdftex.def on input line 225.
Package xcolor Info: Model `cmy' substituted by `cmy0' on input line 1348.
Package xcolor Info: Model `hsb' substituted by `rgb' on input line 1352.
Package xcolor Info: Model `RGB' extended on input line 1364.
Package xcolor Info: Model `HTML' substituted by `rgb' on input line 1366.
Package xcolor Info: Model `Hsb' substituted by `hsb' on input line 1367.
Package xcolor Info: Model `tHsb' substituted by `hsb' on input line 1368.
Package xcolor Info: Model `HSB' substituted by `hsb' on input line 1369.
Package xcolor Info: Model `Gray' substituted by `gray' on input line 1370.
Package xcolor Info: Model `wave' substituted by `hsb' on input line 1371.
))
\AM@pagewidth=\dimen174
\AM@pageheight=\dimen175

(/usr/local/texlive/2020/texmf-dist/tex/latex/pdfpages/pppdftex.def
File: pppdftex.def 2020/01/28 v0.5q Pdfpages driver for pdfTeX (AM)
)
\AM@pagebox=\box50
\AM@global@opts=\toks23
\AM@pagecnt=\count280
\AM@toc@title=\toks24
\c@AM@survey=\count281
\AM@templatesizebox=\box51
)
(/usr/local/texlive/2020/texmf-dist/tex/latex/cite/cite.sty
LaTeX Info: Redefining \cite on input line 302.
LaTeX Info: Redefining \nocite on input line 332.
Package: cite 2015/02/27  v 5.5
LaTeX Info: Redefining \cite on input line 441.
)
(/usr/local/texlive/2020/texmf-dist/tex/latex/csquotes/csquotes.sty
Package: csquotes 2019-12-06 v5.2j context-sensitive quotations (JAW)

(/usr/local/texlive/2020/texmf-dist/tex/latex/etoolbox/etoolbox.sty
Package: etoolbox 2020/10/05 v2.5k e-TeX tools for LaTeX (JAW)
\etb@tempcnta=\count282
)
\csq@reset=\count283
\csq@gtype=\count284
\csq@glevel=\count285
\csq@qlevel=\count286
\csq@maxlvl=\count287
\csq@tshold=\count288
\csq@ltx@everypar=\toks25

(/usr/local/texlive/2020/texmf-dist/tex/latex/csquotes/csquotes.def
File: csquotes.def 2019-12-06 v5.2j csquotes generic definitions (JAW)
)
Package csquotes Info: Trying to load configuration file 'csquotes.cfg'...
Package csquotes Info: ... configuration file loaded successfully.

(/usr/local/texlive/2020/texmf-dist/tex/latex/csquotes/csquotes.cfg
File: csquotes.cfg 
)
Package csquotes Info: Enabling multilingual quotes.
Package csquotes Info: Redefining alias 'english' -> 'english/american'.
)
(/usr/local/texlive/2020/texmf-dist/tex/latex/float/float.sty
Package: float 2001/11/08 v1.3d Float enhancements (AL)
\c@float@type=\count289
\float@exts=\toks26
\float@box=\box52
\@float@everytoks=\toks27
\@floatcapt=\box53
)
(/usr/local/texlive/2020/texmf-dist/tex/generic/soul/soul.sty
Package: soul 2003/11/17 v2.4 letterspacing/underlining (mf)
\SOUL@word=\toks28
\SOUL@lasttoken=\toks29
\SOUL@cmds=\toks30
\SOUL@buffer=\toks31
\SOUL@token=\toks32
\SOUL@spaceskip=\skip64
\SOUL@ttwidth=\dimen176
\SOUL@uldp=\dimen177
\SOUL@ulht=\dimen178
)
(/usr/local/texlive/2020/texmf-dist/tex/latex/pgf/basiclayer/pgf.sty
(/usr/local/texlive/2020/texmf-dist/tex/latex/pgf/utilities/pgfrcs.sty
(/usr/local/texlive/2020/texmf-dist/tex/generic/pgf/utilities/pgfutil-common.te
x
\pgfutil@everybye=\toks33
\pgfutil@tempdima=\dimen179
\pgfutil@tempdimb=\dimen180

(/usr/local/texlive/2020/texmf-dist/tex/generic/pgf/utilities/pgfutil-common-li
sts.tex))
(/usr/local/texlive/2020/texmf-dist/tex/generic/pgf/utilities/pgfutil-latex.def
\pgfutil@abb=\box54
) (/usr/local/texlive/2020/texmf-dist/tex/generic/pgf/utilities/pgfrcs.code.tex
(/usr/local/texlive/2020/texmf-dist/tex/generic/pgf/pgf.revision.tex)
Package: pgfrcs 2020/12/01 v3.1.7a (3.1.7a)
))
Package: pgf 2020/12/01 v3.1.7a (3.1.7a)

(/usr/local/texlive/2020/texmf-dist/tex/latex/pgf/basiclayer/pgfcore.sty
(/usr/local/texlive/2020/texmf-dist/tex/latex/pgf/systemlayer/pgfsys.sty
(/usr/local/texlive/2020/texmf-dist/tex/generic/pgf/systemlayer/pgfsys.code.tex
Package: pgfsys 2020/12/01 v3.1.7a (3.1.7a)
(/usr/local/texlive/2020/texmf-dist/tex/generic/pgf/utilities/pgfkeys.code.tex
\pgfkeys@pathtoks=\toks34
\pgfkeys@temptoks=\toks35

(/usr/local/texlive/2020/texmf-dist/tex/generic/pgf/utilities/pgfkeysfiltered.c
ode.tex
\pgfkeys@tmptoks=\toks36
))
\pgf@x=\dimen181
\pgf@y=\dimen182
\pgf@xa=\dimen183
\pgf@ya=\dimen184
\pgf@xb=\dimen185
\pgf@yb=\dimen186
\pgf@xc=\dimen187
\pgf@yc=\dimen188
\pgf@xd=\dimen189
\pgf@yd=\dimen190
\w@pgf@writea=\write3
\r@pgf@reada=\read2
\c@pgf@counta=\count290
\c@pgf@countb=\count291
\c@pgf@countc=\count292
\c@pgf@countd=\count293
\t@pgf@toka=\toks37
\t@pgf@tokb=\toks38
\t@pgf@tokc=\toks39
\pgf@sys@id@count=\count294

(/usr/local/texlive/2020/texmf-dist/tex/generic/pgf/systemlayer/pgf.cfg
File: pgf.cfg 2020/12/01 v3.1.7a (3.1.7a)
)
Driver file for pgf: pgfsys-pdftex.def

(/usr/local/texlive/2020/texmf-dist/tex/generic/pgf/systemlayer/pgfsys-pdftex.d
ef
File: pgfsys-pdftex.def 2020/12/01 v3.1.7a (3.1.7a)

(/usr/local/texlive/2020/texmf-dist/tex/generic/pgf/systemlayer/pgfsys-common-p
df.def
File: pgfsys-common-pdf.def 2020/12/01 v3.1.7a (3.1.7a)
)))
(/usr/local/texlive/2020/texmf-dist/tex/generic/pgf/systemlayer/pgfsyssoftpath.
code.tex
File: pgfsyssoftpath.code.tex 2020/12/01 v3.1.7a (3.1.7a)
\pgfsyssoftpath@smallbuffer@items=\count295
\pgfsyssoftpath@bigbuffer@items=\count296
)
(/usr/local/texlive/2020/texmf-dist/tex/generic/pgf/systemlayer/pgfsysprotocol.
code.tex
File: pgfsysprotocol.code.tex 2020/12/01 v3.1.7a (3.1.7a)
))
(/usr/local/texlive/2020/texmf-dist/tex/generic/pgf/basiclayer/pgfcore.code.tex
Package: pgfcore 2020/12/01 v3.1.7a (3.1.7a)
(/usr/local/texlive/2020/texmf-dist/tex/generic/pgf/math/pgfmath.code.tex
(/usr/local/texlive/2020/texmf-dist/tex/generic/pgf/math/pgfmathcalc.code.tex
(/usr/local/texlive/2020/texmf-dist/tex/generic/pgf/math/pgfmathutil.code.tex)
(/usr/local/texlive/2020/texmf-dist/tex/generic/pgf/math/pgfmathparser.code.tex
\pgfmath@dimen=\dimen191
\pgfmath@count=\count297
\pgfmath@box=\box55
\pgfmath@toks=\toks40
\pgfmath@stack@operand=\toks41
\pgfmath@stack@operation=\toks42
)
(/usr/local/texlive/2020/texmf-dist/tex/generic/pgf/math/pgfmathfunctions.code.
tex
(/usr/local/texlive/2020/texmf-dist/tex/generic/pgf/math/pgfmathfunctions.basic
.code.tex)
(/usr/local/texlive/2020/texmf-dist/tex/generic/pgf/math/pgfmathfunctions.trigo
nometric.code.tex)
(/usr/local/texlive/2020/texmf-dist/tex/generic/pgf/math/pgfmathfunctions.rando
m.code.tex)
(/usr/local/texlive/2020/texmf-dist/tex/generic/pgf/math/pgfmathfunctions.compa
rison.code.tex)
(/usr/local/texlive/2020/texmf-dist/tex/generic/pgf/math/pgfmathfunctions.base.
code.tex)
(/usr/local/texlive/2020/texmf-dist/tex/generic/pgf/math/pgfmathfunctions.round
.code.tex)
(/usr/local/texlive/2020/texmf-dist/tex/generic/pgf/math/pgfmathfunctions.misc.
code.tex)
(/usr/local/texlive/2020/texmf-dist/tex/generic/pgf/math/pgfmathfunctions.integ
erarithmetics.code.tex)))
(/usr/local/texlive/2020/texmf-dist/tex/generic/pgf/math/pgfmathfloat.code.tex
\c@pgfmathroundto@lastzeros=\count298
)) (/usr/local/texlive/2020/texmf-dist/tex/generic/pgf/math/pgfint.code.tex)
(/usr/local/texlive/2020/texmf-dist/tex/generic/pgf/basiclayer/pgfcorepoints.co
de.tex
File: pgfcorepoints.code.tex 2020/12/01 v3.1.7a (3.1.7a)
\pgf@picminx=\dimen192
\pgf@picmaxx=\dimen193
\pgf@picminy=\dimen194
\pgf@picmaxy=\dimen195
\pgf@pathminx=\dimen196
\pgf@pathmaxx=\dimen197
\pgf@pathminy=\dimen198
\pgf@pathmaxy=\dimen199
\pgf@xx=\dimen256
\pgf@xy=\dimen257
\pgf@yx=\dimen258
\pgf@yy=\dimen259
\pgf@zx=\dimen260
\pgf@zy=\dimen261
)
(/usr/local/texlive/2020/texmf-dist/tex/generic/pgf/basiclayer/pgfcorepathconst
ruct.code.tex
File: pgfcorepathconstruct.code.tex 2020/12/01 v3.1.7a (3.1.7a)
\pgf@path@lastx=\dimen262
\pgf@path@lasty=\dimen263
)
(/usr/local/texlive/2020/texmf-dist/tex/generic/pgf/basiclayer/pgfcorepathusage
.code.tex
File: pgfcorepathusage.code.tex 2020/12/01 v3.1.7a (3.1.7a)
\pgf@shorten@end@additional=\dimen264
\pgf@shorten@start@additional=\dimen265
)
(/usr/local/texlive/2020/texmf-dist/tex/generic/pgf/basiclayer/pgfcorescopes.co
de.tex
File: pgfcorescopes.code.tex 2020/12/01 v3.1.7a (3.1.7a)
\pgfpic=\box56
\pgf@hbox=\box57
\pgf@layerbox@main=\box58
\pgf@picture@serial@count=\count299
)
(/usr/local/texlive/2020/texmf-dist/tex/generic/pgf/basiclayer/pgfcoregraphicst
ate.code.tex
File: pgfcoregraphicstate.code.tex 2020/12/01 v3.1.7a (3.1.7a)
\pgflinewidth=\dimen266
)
(/usr/local/texlive/2020/texmf-dist/tex/generic/pgf/basiclayer/pgfcoretransform
ations.code.tex
File: pgfcoretransformations.code.tex 2020/12/01 v3.1.7a (3.1.7a)
\pgf@pt@x=\dimen267
\pgf@pt@y=\dimen268
\pgf@pt@temp=\dimen269
)
(/usr/local/texlive/2020/texmf-dist/tex/generic/pgf/basiclayer/pgfcorequick.cod
e.tex
File: pgfcorequick.code.tex 2020/12/01 v3.1.7a (3.1.7a)
)
(/usr/local/texlive/2020/texmf-dist/tex/generic/pgf/basiclayer/pgfcoreobjects.c
ode.tex
File: pgfcoreobjects.code.tex 2020/12/01 v3.1.7a (3.1.7a)
)
(/usr/local/texlive/2020/texmf-dist/tex/generic/pgf/basiclayer/pgfcorepathproce
ssing.code.tex
File: pgfcorepathprocessing.code.tex 2020/12/01 v3.1.7a (3.1.7a)
)
(/usr/local/texlive/2020/texmf-dist/tex/generic/pgf/basiclayer/pgfcorearrows.co
de.tex
File: pgfcorearrows.code.tex 2020/12/01 v3.1.7a (3.1.7a)
\pgfarrowsep=\dimen270
)
(/usr/local/texlive/2020/texmf-dist/tex/generic/pgf/basiclayer/pgfcoreshade.cod
e.tex
File: pgfcoreshade.code.tex 2020/12/01 v3.1.7a (3.1.7a)
\pgf@max=\dimen271
\pgf@sys@shading@range@num=\count300
\pgf@shadingcount=\count301
)
(/usr/local/texlive/2020/texmf-dist/tex/generic/pgf/basiclayer/pgfcoreimage.cod
e.tex
File: pgfcoreimage.code.tex 2020/12/01 v3.1.7a (3.1.7a)

(/usr/local/texlive/2020/texmf-dist/tex/generic/pgf/basiclayer/pgfcoreexternal.
code.tex
File: pgfcoreexternal.code.tex 2020/12/01 v3.1.7a (3.1.7a)
\pgfexternal@startupbox=\box59
))
(/usr/local/texlive/2020/texmf-dist/tex/generic/pgf/basiclayer/pgfcorelayers.co
de.tex
File: pgfcorelayers.code.tex 2020/12/01 v3.1.7a (3.1.7a)
)
(/usr/local/texlive/2020/texmf-dist/tex/generic/pgf/basiclayer/pgfcoretranspare
ncy.code.tex
File: pgfcoretransparency.code.tex 2020/12/01 v3.1.7a (3.1.7a)
)
(/usr/local/texlive/2020/texmf-dist/tex/generic/pgf/basiclayer/pgfcorepatterns.
code.tex
File: pgfcorepatterns.code.tex 2020/12/01 v3.1.7a (3.1.7a)
)
(/usr/local/texlive/2020/texmf-dist/tex/generic/pgf/basiclayer/pgfcorerdf.code.
tex
File: pgfcorerdf.code.tex 2020/12/01 v3.1.7a (3.1.7a)
)))
(/usr/local/texlive/2020/texmf-dist/tex/generic/pgf/modules/pgfmoduleshapes.cod
e.tex
File: pgfmoduleshapes.code.tex 2020/12/01 v3.1.7a (3.1.7a)
\pgfnodeparttextbox=\box60
)
(/usr/local/texlive/2020/texmf-dist/tex/generic/pgf/modules/pgfmoduleplot.code.
tex
File: pgfmoduleplot.code.tex 2020/12/01 v3.1.7a (3.1.7a)
)
(/usr/local/texlive/2020/texmf-dist/tex/latex/pgf/compatibility/pgfcomp-version
-0-65.sty
Package: pgfcomp-version-0-65 2020/12/01 v3.1.7a (3.1.7a)
\pgf@nodesepstart=\dimen272
\pgf@nodesepend=\dimen273
)
(/usr/local/texlive/2020/texmf-dist/tex/latex/pgf/compatibility/pgfcomp-version
-1-18.sty
Package: pgfcomp-version-1-18 2020/12/01 v3.1.7a (3.1.7a)
))
(/usr/local/texlive/2020/texmf-dist/tex/latex/pgf/frontendlayer/tikz.sty
(/usr/local/texlive/2020/texmf-dist/tex/latex/pgf/utilities/pgffor.sty
(/usr/local/texlive/2020/texmf-dist/tex/latex/pgf/utilities/pgfkeys.sty
(/usr/local/texlive/2020/texmf-dist/tex/generic/pgf/utilities/pgfkeys.code.tex)
) (/usr/local/texlive/2020/texmf-dist/tex/latex/pgf/math/pgfmath.sty
(/usr/local/texlive/2020/texmf-dist/tex/generic/pgf/math/pgfmath.code.tex))
(/usr/local/texlive/2020/texmf-dist/tex/generic/pgf/utilities/pgffor.code.tex
Package: pgffor 2020/12/01 v3.1.7a (3.1.7a)

(/usr/local/texlive/2020/texmf-dist/tex/generic/pgf/math/pgfmath.code.tex)
\pgffor@iter=\dimen274
\pgffor@skip=\dimen275
\pgffor@stack=\toks43
\pgffor@toks=\toks44
))
(/usr/local/texlive/2020/texmf-dist/tex/generic/pgf/frontendlayer/tikz/tikz.cod
e.tex
Package: tikz 2020/12/01 v3.1.7a (3.1.7a)

(/usr/local/texlive/2020/texmf-dist/tex/generic/pgf/libraries/pgflibraryplothan
dlers.code.tex
File: pgflibraryplothandlers.code.tex 2020/12/01 v3.1.7a (3.1.7a)
\pgf@plot@mark@count=\count302
\pgfplotmarksize=\dimen276
)
\tikz@lastx=\dimen277
\tikz@lasty=\dimen278
\tikz@lastxsaved=\dimen279
\tikz@lastysaved=\dimen280
\tikz@lastmovetox=\dimen281
\tikz@lastmovetoy=\dimen282
\tikzleveldistance=\dimen283
\tikzsiblingdistance=\dimen284
\tikz@figbox=\box61
\tikz@figbox@bg=\box62
\tikz@tempbox=\box63
\tikz@tempbox@bg=\box64
\tikztreelevel=\count303
\tikznumberofchildren=\count304
\tikznumberofcurrentchild=\count305
\tikz@fig@count=\count306

(/usr/local/texlive/2020/texmf-dist/tex/generic/pgf/modules/pgfmodulematrix.cod
e.tex
File: pgfmodulematrix.code.tex 2020/12/01 v3.1.7a (3.1.7a)
\pgfmatrixcurrentrow=\count307
\pgfmatrixcurrentcolumn=\count308
\pgf@matrix@numberofcolumns=\count309
)
\tikz@expandcount=\count310

(/usr/local/texlive/2020/texmf-dist/tex/generic/pgf/frontendlayer/tikz/librarie
s/tikzlibrarytopaths.code.tex
File: tikzlibrarytopaths.code.tex 2020/12/01 v3.1.7a (3.1.7a)
)))
(/usr/local/texlive/2020/texmf-dist/tex/latex/listings/listings.sty
\lst@mode=\count311
\lst@gtempboxa=\box65
\lst@token=\toks45
\lst@length=\count312
\lst@currlwidth=\dimen285
\lst@column=\count313
\lst@pos=\count314
\lst@lostspace=\dimen286
\lst@width=\dimen287
\lst@newlines=\count315
\lst@lineno=\count316
\lst@maxwidth=\dimen288

(/usr/local/texlive/2020/texmf-dist/tex/latex/listings/lstmisc.sty
File: lstmisc.sty 2020/03/24 1.8d (Carsten Heinz)
\c@lstnumber=\count317
\lst@skipnumbers=\count318
\lst@framebox=\box66
)
(/usr/local/texlive/2020/texmf-dist/tex/latex/listings/listings.cfg
File: listings.cfg 2020/03/24 1.8d listings configuration
))
Package: listings 2020/03/24 1.8d (Carsten Heinz)

(/usr/local/texlive/2020/texmf-dist/tex/latex/setspace/setspace.sty
Package: setspace 2011/12/19 v6.7a set line spacing
)
(/usr/local/texlive/2020/texmf-dist/tex/latex/graphics/lscape.sty
Package: lscape 2020/05/28 v3.02 Landscape Pages (DPC)
)
(/usr/local/texlive/2020/texmf-dist/tex/latex/natbib/natbib.sty
Package: natbib 2010/09/13 8.31b (PWD, AO)


Package natbib Warning: The `cite' package should not be used
(natbib)                with natbib. Use option `sort' instead.

\bibhang=\skip65
\bibsep=\skip66
LaTeX Info: Redefining \cite on input line 694.
LaTeX Info: Redefining \citenum on input line 708.
\c@NAT@ctr=\count319
)
Package csquotes Info: Allocating character ".

(/usr/local/texlive/2020/texmf-dist/tex/generic/pgf/frontendlayer/tikz/librarie
s/tikzlibraryfit.code.tex
File: tikzlibraryfit.code.tex 2020/12/01 v3.1.7a (3.1.7a)
)
(/usr/local/texlive/2020/texmf-dist/tex/generic/pgf/frontendlayer/tikz/librarie
s/tikzlibrarypositioning.code.tex
File: tikzlibrarypositioning.code.tex 2020/12/01 v3.1.7a (3.1.7a)
)
(/usr/local/texlive/2020/texmf-dist/tex/generic/pgf/frontendlayer/tikz/librarie
s/tikzlibraryarrows.code.tex
File: tikzlibraryarrows.code.tex 2020/12/01 v3.1.7a (3.1.7a)

(/usr/local/texlive/2020/texmf-dist/tex/generic/pgf/libraries/pgflibraryarrows.
code.tex
File: pgflibraryarrows.code.tex 2020/12/01 v3.1.7a (3.1.7a)
\arrowsize=\dimen289
))
(/usr/local/texlive/2020/texmf-dist/tex/generic/pgf/frontendlayer/tikz/librarie
s/tikzlibraryautomata.code.tex
File: tikzlibraryautomata.code.tex 2020/12/01 v3.1.7a (3.1.7a)

(/usr/local/texlive/2020/texmf-dist/tex/generic/pgf/frontendlayer/tikz/librarie
s/tikzlibraryshapes.multipart.code.tex
File: tikzlibraryshapes.multipart.code.tex 2020/12/01 v3.1.7a (3.1.7a)

(/usr/local/texlive/2020/texmf-dist/tex/generic/pgf/libraries/shapes/pgflibrary
shapes.multipart.code.tex
File: pgflibraryshapes.multipart.code.tex 2020/12/01 v3.1.7a (3.1.7a)
\pgfnodepartlowerbox=\box67
\pgfnodeparttwobox=\box68
\pgfnodepartthreebox=\box69
\pgfnodepartfourbox=\box70
\pgfnodeparttwentybox=\box71
\pgfnodepartnineteenbox=\box72
\pgfnodeparteighteenbox=\box73
\pgfnodepartseventeenbox=\box74
\pgfnodepartsixteenbox=\box75
\pgfnodepartfifteenbox=\box76
\pgfnodepartfourteenbox=\box77
\pgfnodepartthirteenbox=\box78
\pgfnodeparttwelvebox=\box79
\pgfnodepartelevenbox=\box80
\pgfnodeparttenbox=\box81
\pgfnodepartninebox=\box82
\pgfnodeparteightbox=\box83
\pgfnodepartsevenbox=\box84
\pgfnodepartsixbox=\box85
\pgfnodepartfivebox=\box86
)))
(/usr/local/texlive/2020/texmf-dist/tex/latex/listings/lstlang1.sty
File: lstlang1.sty 2020/03/24 1.8d listings language file
)
(/usr/local/texlive/2020/texmf-dist/tex/latex/listings/lstlang2.sty
File: lstlang2.sty 2020/03/24 1.8d listings language file
)
(/usr/local/texlive/2020/texmf-dist/tex/latex/listings/lstlang3.sty
File: lstlang3.sty 2020/03/24 1.8d listings language file
)
Package csquotes Info: Checking for multilingual support...
Package csquotes Info: ... none found.


Package csquotes Warning: No multilingual support.
(csquotes)                Cannot enable multilingual quotes on input line 118.

(/usr/local/texlive/2020/texmf-dist/tex/latex/l3backend/l3backend-pdftex.def
File: l3backend-pdftex.def 2020-09-24 L3 backend support: PDF output (pdfTeX)
\l__kernel_color_stack_int=\count320
\l__pdf_internal_box=\box87
)
(./appendix-model-explanation.aux

LaTeX Warning: Label `fig:...' multiply defined.


LaTeX Warning: Label `fig:...' multiply defined.


LaTeX Warning: Label `fig:...' multiply defined.

)
\openout1 = `appendix-model-explanation.aux'.

LaTeX Font Info:    Checking defaults for OML/cmm/m/it on input line 118.
LaTeX Font Info:    ... okay on input line 118.
LaTeX Font Info:    Checking defaults for OMS/cmsy/m/n on input line 118.
LaTeX Font Info:    ... okay on input line 118.
LaTeX Font Info:    Checking defaults for OT1/cmr/m/n on input line 118.
LaTeX Font Info:    ... okay on input line 118.
LaTeX Font Info:    Checking defaults for T1/cmr/m/n on input line 118.
LaTeX Font Info:    ... okay on input line 118.
LaTeX Font Info:    Checking defaults for TS1/cmr/m/n on input line 118.
LaTeX Font Info:    ... okay on input line 118.
LaTeX Font Info:    Checking defaults for OMX/cmex/m/n on input line 118.
LaTeX Font Info:    ... okay on input line 118.
LaTeX Font Info:    Checking defaults for U/cmr/m/n on input line 118.
LaTeX Font Info:    ... okay on input line 118.
 (/usr/local/texlive/2020/texmf-dist/tex/context/base/mkii/supp-pdf.mkii
[Loading MPS to PDF converter (version 2006.09.02).]
\scratchcounter=\count321
\scratchdimen=\dimen290
\scratchbox=\box88
\nofMPsegments=\count322
\nofMParguments=\count323
\everyMPshowfont=\toks46
\MPscratchCnt=\count324
\MPscratchDim=\dimen291
\MPnumerator=\count325
\makeMPintoPDFobject=\count326
\everyMPtoPDFconversion=\toks47
) (/usr/local/texlive/2020/texmf-dist/tex/latex/epstopdf-pkg/epstopdf-base.sty
Package: epstopdf-base 2020-01-24 v2.11 Base part for package epstopdf
Package epstopdf-base Info: Redefining graphics rule for `.eps' on input line 4
85.

(/usr/local/texlive/2020/texmf-dist/tex/latex/latexconfig/epstopdf-sys.cfg
File: epstopdf-sys.cfg 2010/07/13 v1.3 Configuration of (r)epstopdf for TeX Liv
e
))
Package caption Info: Begin \AtBeginDocument code.
Package caption Info: float package is loaded.
Package caption Info: listings package is loaded.
Package caption Info: End \AtBeginDocument code.

*geometry* driver: auto-detecting
*geometry* detected driver: pdftex
*geometry* verbose mode - [ preamble ] result:
* driver: pdftex
* paper: letterpaper
* layout: <same size as paper>
* layoutoffset:(h,v)=(0.0pt,0.0pt)
* modes: 
* h-part:(L,W,R)=(92.14519pt, 430.00462pt, 92.14519pt)
* v-part:(T,H,B)=(95.39737pt, 556.47656pt, 143.09605pt)
* \paperwidth=614.295pt
* \paperheight=794.96999pt
* \textwidth=469.75499pt
* \textheight=614.295pt
* \oddsidemargin=0.0pt
* \evensidemargin=0.0pt
* \topmargin=0.0pt
* \headheight=0.0pt
* \headsep=0.0pt
* \topskip=12.0pt
* \footskip=36.135pt
* \marginparwidth=60.0pt
* \marginparsep=10.0pt
* \columnsep=10.0pt
* \skip\footins=10.8pt plus 4.0pt minus 2.0pt
* \hoffset=0.0pt
* \voffset=0.0pt
* \mag=1000
* \@twocolumnfalse
* \@twosidefalse
* \@mparswitchfalse
* \@reversemarginfalse
* (1in=72.27pt=25.4mm, 1cm=28.453pt)

(/usr/local/texlive/2020/texmf-dist/tex/latex/pdflscape/pdflscape.sty
Package: pdflscape 2019/12/05 v0.12 Display of landscape pages in PDF (HO)
Package pdflscape Info: Auto-detected driver: pdftex on input line 81.
)
Package csquotes Info: Making character " active on input line 118.
\c@lstlisting=\count327
 [1

{/usr/local/texlive/2020/texmf-var/fonts/map/pdftex/updmap/pdftex.map}]
LaTeX Font Info:    Trying to load font information for U+msa on input line 137
.

(/usr/local/texlive/2020/texmf-dist/tex/latex/amsfonts/umsa.fd
File: umsa.fd 2013/01/14 v3.01 AMS symbols A
)
LaTeX Font Info:    Trying to load font information for U+msb on input line 137
.

(/usr/local/texlive/2020/texmf-dist/tex/latex/amsfonts/umsb.fd
File: umsb.fd 2013/01/14 v3.01 AMS symbols B
) [2] [3]
[4] [5] [6] [7] [8] [9] [10] [11] [12]
<../../figures/appendix-x-mle_bayes.pdf, id=55, page=1, 578.16pt x 289.08pt>
File: ../../figures/appendix-x-mle_bayes.pdf Graphic file (type pdf)
<use ../../figures/appendix-x-mle_bayes.pdf, page 1>
Package pdftex.def Info: ../../figures/appendix-x-mle_bayes.pdf , page1 used on
 input line 392.
(pdftex.def)             Requested size: 422.77661pt x 211.38834pt.
<../../figures/appendix-x-figure54-2.pdf, id=56, page=1, 578.16pt x 433.62pt>
File: ../../figures/appendix-x-figure54-2.pdf Graphic file (type pdf)
<use ../../figures/appendix-x-figure54-2.pdf, page 1>
Package pdftex.def Info: ../../figures/appendix-x-figure54-2.pdf , page1 used o
n input line 400.
(pdftex.def)             Requested size: 422.77661pt x 317.08252pt.


LaTeX Warning: `h' float specifier changed to `ht'.

<../../figures/appendix-x-figure54.pdf, id=57, page=1, 578.16pt x 433.62pt>
File: ../../figures/appendix-x-figure54.pdf Graphic file (type pdf)
<use ../../figures/appendix-x-figure54.pdf, page 1>
Package pdftex.def Info: ../../figures/appendix-x-figure54.pdf , page1 used on 
input line 408.
(pdftex.def)             Requested size: 422.77661pt x 317.08252pt.

LaTeX Warning: `h' float specifier changed to `ht'.

<../../figures/appendix-x-hierarchyPosteriors_nh_hyear.pdf, id=58, page=1, 578.
16pt x 433.62pt>
File: ../../figures/appendix-x-hierarchyPosteriors_nh_hyear.pdf Graphic file (t
ype pdf)
<use ../../figures/appendix-x-hierarchyPosteriors_nh_hyear.pdf, page 1>
Package pdftex.def Info: ../../figures/appendix-x-hierarchyPosteriors_nh_hyear.
pdf , page1 used on input line 417.
(pdftex.def)             Requested size: 422.77661pt x 317.08252pt.

LaTeX Warning: `h' float specifier changed to `ht'.

<../../figures/appendix-x-hierarchyPosteriors_nh_hyearpop.pdf, id=59, page=1, 5
78.16pt x 433.62pt>
File: ../../figures/appendix-x-hierarchyPosteriors_nh_hyearpop.pdf Graphic file
 (type pdf)
<use ../../figures/appendix-x-hierarchyPosteriors_nh_hyearpop.pdf, page 1>
Package pdftex.def Info: ../../figures/appendix-x-hierarchyPosteriors_nh_hyearp
op.pdf , page1 used on input line 425.
(pdftex.def)             Requested size: 422.77661pt x 317.08252pt.

LaTeX Warning: `h' float specifier changed to `ht'.

<../../figures/appendix-x-hierarchyPosteriorsSummary.pdf, id=60, page=1, 289.08
pt x 289.08pt>
File: ../../figures/appendix-x-hierarchyPosteriorsSummary.pdf Graphic file (typ
e pdf)
<use ../../figures/appendix-x-hierarchyPosteriorsSummary.pdf, page 1>
Package pdftex.def Info: ../../figures/appendix-x-hierarchyPosteriorsSummary.pd
f , page1 used on input line 434.
(pdftex.def)             Requested size: 422.77661pt x 422.79874pt.

LaTeX Warning: `h' float specifier changed to `ht'.

[13

 <../../figures/appendix-x-mle_bayes.pdf>] [14 <../../figures/appendix-x-figure
54-2.pdf>] [15 <../../figures/appendix-x-figure54.pdf>] [16 <../../figures/appe
ndix-x-hierarchyPosteriors_nh_hyear.pdf>] [17 <../../figures/appendix-x-hierarc
hyPosteriors_nh_hyearpop.pdf>] [18 <../../figures/appendix-x-hierarchyPosterior
sSummary.pdf>]
<../../figures/appendix-x-ppc.pdf, id=130, 534.99875pt x 512.91624pt>
File: ../../figures/appendix-x-ppc.pdf Graphic file (type pdf)
<use ../../figures/appendix-x-ppc.pdf>
Package pdftex.def Info: ../../figures/appendix-x-ppc.pdf  used on input line 4
41.
(pdftex.def)             Requested size: 534.99744pt x 512.915pt.
File: ../../figures/appendix-x-ppc.pdf Graphic file (type pdf)
<use ../../figures/appendix-x-ppc.pdf>
Package pdftex.def Info: ../../figures/appendix-x-ppc.pdf  used on input line 4
41.
(pdftex.def)             Requested size: 534.99744pt x 512.915pt.
File: ../../figures/appendix-x-ppc.pdf Graphic file (type pdf)
<use ../../figures/appendix-x-ppc.pdf>
Package pdftex.def Info: ../../figures/appendix-x-ppc.pdf  used on input line 4
41.
(pdftex.def)             Requested size: 534.99744pt x 512.915pt.
File: ../../figures/appendix-x-ppc.pdf Graphic file (type pdf)
<use ../../figures/appendix-x-ppc.pdf>
Package pdftex.def Info: ../../figures/appendix-x-ppc.pdf  used on input line 4
41.
(pdftex.def)             Requested size: 534.99744pt x 512.915pt.
<../../figures/appendix-x-ppc.pdf, id=135, page=2, 534.99875pt x 512.91624pt>
File: ../../figures/appendix-x-ppc.pdf Graphic file (type pdf)
<use ../../figures/appendix-x-ppc.pdf, page 2>
Package pdftex.def Info: ../../figures/appendix-x-ppc.pdf , page2 used on input
 line 441.
(pdftex.def)             Requested size: 534.99744pt x 512.915pt.
File: ../../figures/appendix-x-ppc.pdf Graphic file (type pdf)
<use ../../figures/appendix-x-ppc.pdf, page 2>
Package pdftex.def Info: ../../figures/appendix-x-ppc.pdf , page2 used on input
 line 441.
(pdftex.def)             Requested size: 535.95255pt x 513.83069pt.
File: ../../figures/appendix-x-ppc.pdf Graphic file (type pdf)
<use ../../figures/appendix-x-ppc.pdf, page 2>
Package pdftex.def Info: ../../figures/appendix-x-ppc.pdf , page2 used on input
 line 441.
(pdftex.def)             Requested size: 535.95255pt x 513.83069pt.
File: ../../figures/appendix-x-ppc.pdf Graphic file (type pdf)
<use ../../figures/appendix-x-ppc.pdf, page 2>
Package pdftex.def Info: ../../figures/appendix-x-ppc.pdf , page2 used on input
 line 441.
(pdftex.def)             Requested size: 535.95255pt x 513.83069pt.
File: ../../figures/appendix-x-ppc.pdf Graphic file (type pdf)
<use ../../figures/appendix-x-ppc.pdf, page 2>
Package pdftex.def Info: ../../figures/appendix-x-ppc.pdf , page2 used on input
 line 441.
(pdftex.def)             Requested size: 535.95255pt x 513.83069pt.
 [19

 <../../figures/appendix-x-ppc.pdf>]
<../../figures/appendix-x-ppc.pdf, id=147, page=3, 534.99875pt x 512.91624pt>
File: ../../figures/appendix-x-ppc.pdf Graphic file (type pdf)
<use ../../figures/appendix-x-ppc.pdf, page 3>
Package pdftex.def Info: ../../figures/appendix-x-ppc.pdf , page3 used on input
 line 441.
(pdftex.def)             Requested size: 535.95255pt x 513.83069pt.
File: ../../figures/appendix-x-ppc.pdf Graphic file (type pdf)
<use ../../figures/appendix-x-ppc.pdf, page 3>
Package pdftex.def Info: ../../figures/appendix-x-ppc.pdf , page3 used on input
 line 441.
(pdftex.def)             Requested size: 535.95255pt x 513.83069pt.
File: ../../figures/appendix-x-ppc.pdf Graphic file (type pdf)
<use ../../figures/appendix-x-ppc.pdf, page 3>
Package pdftex.def Info: ../../figures/appendix-x-ppc.pdf , page3 used on input
 line 441.
(pdftex.def)             Requested size: 535.95255pt x 513.83069pt.
 [20 <../../figures/appendix-x-ppc.pdf>]
<../../figures/appendix-x-ppc.pdf, id=151, page=4, 534.99875pt x 512.91624pt>
File: ../../figures/appendix-x-ppc.pdf Graphic file (type pdf)
<use ../../figures/appendix-x-ppc.pdf, page 4>
Package pdftex.def Info: ../../figures/appendix-x-ppc.pdf , page4 used on input
 line 441.
(pdftex.def)             Requested size: 535.95255pt x 513.83069pt.
File: ../../figures/appendix-x-ppc.pdf Graphic file (type pdf)
<use ../../figures/appendix-x-ppc.pdf, page 4>
Package pdftex.def Info: ../../figures/appendix-x-ppc.pdf , page4 used on input
 line 441.
(pdftex.def)             Requested size: 535.95255pt x 513.83069pt.
File: ../../figures/appendix-x-ppc.pdf Graphic file (type pdf)
<use ../../figures/appendix-x-ppc.pdf, page 4>
Package pdftex.def Info: ../../figures/appendix-x-ppc.pdf , page4 used on input
 line 441.
(pdftex.def)             Requested size: 535.95255pt x 513.83069pt.
 [21 <../../figures/appendix-x-ppc.pdf>]
File: ../../figures/appendix-x-ppc.pdf Graphic file (type pdf)
<use ../../figures/appendix-x-ppc.pdf>
Package pdftex.def Info: ../../figures/appendix-x-ppc.pdf  used on input line 4
42.
(pdftex.def)             Requested size: 534.99744pt x 512.915pt.
File: ../../figures/appendix-x-ppc.pdf Graphic file (type pdf)
<use ../../figures/appendix-x-ppc.pdf>
Package pdftex.def Info: ../../figures/appendix-x-ppc.pdf  used on input line 4
42.
(pdftex.def)             Requested size: 534.99744pt x 512.915pt.
File: ../../figures/appendix-x-ppc.pdf Graphic file (type pdf)
<use ../../figures/appendix-x-ppc.pdf>
Package pdftex.def Info: ../../figures/appendix-x-ppc.pdf  used on input line 4
42.
(pdftex.def)             Requested size: 534.99744pt x 512.915pt.
File: ../../figures/appendix-x-ppc.pdf Graphic file (type pdf)
<use ../../figures/appendix-x-ppc.pdf>
Package pdftex.def Info: ../../figures/appendix-x-ppc.pdf  used on input line 4
42.
(pdftex.def)             Requested size: 534.99744pt x 512.915pt.
<../../figures/appendix-x-ppc.pdf, id=159, page=5, 534.99875pt x 512.91624pt>
File: ../../figures/appendix-x-ppc.pdf Graphic file (type pdf)
<use ../../figures/appendix-x-ppc.pdf, page 5>
Package pdftex.def Info: ../../figures/appendix-x-ppc.pdf , page5 used on input
 line 442.
(pdftex.def)             Requested size: 534.99744pt x 512.915pt.
File: ../../figures/appendix-x-ppc.pdf Graphic file (type pdf)
<use ../../figures/appendix-x-ppc.pdf, page 5>
Package pdftex.def Info: ../../figures/appendix-x-ppc.pdf , page5 used on input
 line 442.
(pdftex.def)             Requested size: 535.95255pt x 513.83069pt.
File: ../../figures/appendix-x-ppc.pdf Graphic file (type pdf)
<use ../../figures/appendix-x-ppc.pdf, page 5>
Package pdftex.def Info: ../../figures/appendix-x-ppc.pdf , page5 used on input
 line 442.
(pdftex.def)             Requested size: 535.95255pt x 513.83069pt.
File: ../../figures/appendix-x-ppc.pdf Graphic file (type pdf)
<use ../../figures/appendix-x-ppc.pdf, page 5>
Package pdftex.def Info: ../../figures/appendix-x-ppc.pdf , page5 used on input
 line 442.
(pdftex.def)             Requested size: 535.95255pt x 513.83069pt.
File: ../../figures/appendix-x-ppc.pdf Graphic file (type pdf)
<use ../../figures/appendix-x-ppc.pdf, page 5>
Package pdftex.def Info: ../../figures/appendix-x-ppc.pdf , page5 used on input
 line 442.
(pdftex.def)             Requested size: 535.95255pt x 513.83069pt.
 [22 <../../figures/appendix-x-ppc.pdf>]
<../../figures/appendix-x-ppc.pdf, id=163, page=6, 534.99875pt x 512.91624pt>
File: ../../figures/appendix-x-ppc.pdf Graphic file (type pdf)
<use ../../figures/appendix-x-ppc.pdf, page 6>
Package pdftex.def Info: ../../figures/appendix-x-ppc.pdf , page6 used on input
 line 442.
(pdftex.def)             Requested size: 535.95255pt x 513.83069pt.
File: ../../figures/appendix-x-ppc.pdf Graphic file (type pdf)
<use ../../figures/appendix-x-ppc.pdf, page 6>
Package pdftex.def Info: ../../figures/appendix-x-ppc.pdf , page6 used on input
 line 442.
(pdftex.def)             Requested size: 535.95255pt x 513.83069pt.
File: ../../figures/appendix-x-ppc.pdf Graphic file (type pdf)
<use ../../figures/appendix-x-ppc.pdf, page 6>
Package pdftex.def Info: ../../figures/appendix-x-ppc.pdf , page6 used on input
 line 442.
(pdftex.def)             Requested size: 535.95255pt x 513.83069pt.
 [23 <../../figures/appendix-x-ppc.pdf>]
<../../figures/appendix-x-ppc.pdf, id=167, page=7, 534.99875pt x 512.91624pt>
File: ../../figures/appendix-x-ppc.pdf Graphic file (type pdf)
<use ../../figures/appendix-x-ppc.pdf, page 7>
Package pdftex.def Info: ../../figures/appendix-x-ppc.pdf , page7 used on input
 line 442.
(pdftex.def)             Requested size: 535.95255pt x 513.83069pt.
File: ../../figures/appendix-x-ppc.pdf Graphic file (type pdf)
<use ../../figures/appendix-x-ppc.pdf, page 7>
Package pdftex.def Info: ../../figures/appendix-x-ppc.pdf , page7 used on input
 line 442.
(pdftex.def)             Requested size: 535.95255pt x 513.83069pt.
File: ../../figures/appendix-x-ppc.pdf Graphic file (type pdf)
<use ../../figures/appendix-x-ppc.pdf, page 7>
Package pdftex.def Info: ../../figures/appendix-x-ppc.pdf , page7 used on input
 line 442.
(pdftex.def)             Requested size: 535.95255pt x 513.83069pt.
 [24 <../../figures/appendix-x-ppc.pdf>]
Missing character: There is no F in font nullfont!
Missing character: There is no F in font nullfont!
Missing character: There is no F in font nullfont!
Missing character: There is no F in font nullfont!
<../../figures/appendix/appendix-1/hyperparameterCorrelations.pdf, id=171, page
=1, 578.16pt x 433.62pt>
File: ../../figures/appendix/appendix-1/hyperparameterCorrelations.pdf Graphic 
file (type pdf)
<use ../../figures/appendix/appendix-1/hyperparameterCorrelations.pdf, page 1>
Package pdftex.def Info: ../../figures/appendix/appendix-1/hyperparameterCorrel
ations.pdf , page1 used on input line 645.
(pdftex.def)             Requested size: 352.31624pt x 264.23654pt.
<../../figures/appendix/appendix-1/funnelCheck.pdf, id=172, page=1, 578.16pt x 
433.62pt>
File: ../../figures/appendix/appendix-1/funnelCheck.pdf Graphic file (type pdf)

<use ../../figures/appendix/appendix-1/funnelCheck.pdf, page 1>
Package pdftex.def Info: ../../figures/appendix/appendix-1/funnelCheck.pdf , pa
ge1 used on input line 646.
(pdftex.def)             Requested size: 352.31624pt x 264.23654pt.


LaTeX Warning: `h' float specifier changed to `ht'.

<../../figures/appendix/appendix-1/neff.pdf, id=173, page=1, 433.62pt x 433.62p
t>
File: ../../figures/appendix/appendix-1/neff.pdf Graphic file (type pdf)
<use ../../figures/appendix/appendix-1/neff.pdf, page 1>
Package pdftex.def Info: ../../figures/appendix/appendix-1/neff.pdf , page1 use
d on input line 655.
(pdftex.def)             Requested size: 422.77661pt x 422.80096pt.

LaTeX Warning: `h' float specifier changed to `ht'.

<../../figures/appendix/appendix-1/shrinkageSamplesize.pdf, id=174, page=1, 578
.16pt x 433.62pt>
File: ../../figures/appendix/appendix-1/shrinkageSamplesize.pdf Graphic file (t
ype pdf)
<use ../../figures/appendix/appendix-1/shrinkageSamplesize.pdf, page 1>
Package pdftex.def Info: ../../figures/appendix/appendix-1/shrinkageSamplesize.
pdf , page1 used on input line 663.
(pdftex.def)             Requested size: 352.31624pt x 264.23654pt.

LaTeX Warning: `h' float specifier changed to `ht'.

<../../figures/appendix/appendix-1/shrinkage.pdf, id=175, page=1, 578.16pt x 43
3.62pt>
File: ../../figures/appendix/appendix-1/shrinkage.pdf Graphic file (type pdf)
<use ../../figures/appendix/appendix-1/shrinkage.pdf, page 1>
Package pdftex.def Info: ../../figures/appendix/appendix-1/shrinkage.pdf , page
1 used on input line 671.
(pdftex.def)             Requested size: 352.31624pt x 264.23654pt.
<../../figures/appendix/appendix-1/posteriorProbability.pdf, id=176, page=1, 43
3.62pt x 433.62pt>
File: ../../figures/appendix/appendix-1/posteriorProbability.pdf Graphic file (
type pdf)
<use ../../figures/appendix/appendix-1/posteriorProbability.pdf, page 1>
Package pdftex.def Info: ../../figures/appendix/appendix-1/posteriorProbability
.pdf , page1 used on input line 672.
(pdftex.def)             Requested size: 352.31624pt x 352.33524pt.

LaTeX Warning: Float too large for page by 27.77676pt on input line 675.


LaTeX Warning: `h' float specifier changed to `ht'.

[25] [26 <../../figures/appendix/appendix-1/hyperparameterCorrelations.pdf> <..
/../figures/appendix/appendix-1/funnelCheck.pdf>] [27 <../../figures/appendix/a
ppendix-1/neff.pdf>] [28 <../../figures/appendix/appendix-1/shrinkageSamplesize
.pdf>] [29 <../../figures/appendix/appendix-1/shrinkage.pdf> <../../figures/app
endix/appendix-1/posteriorProbability.pdf>] (./appendix-model-explanation.bbl)

Package caption Warning: Unused \captionsetup[sub] on input line 17.
See the caption package documentation for explanation.

[30

] (./appendix-model-explanation.aux)

LaTeX Warning: There were multiply-defined labels.

 ) 
Here is how much of TeX's memory you used:
 19995 strings out of 479383
 389714 string characters out of 5869387
 860845 words of memory out of 5000000
 36731 multiletter control sequences out of 15000+600000
 413184 words of font info for 62 fonts, out of 8000000 for 9000
 1141 hyphenation exceptions out of 8191
 69i,17n,80p,1433b,813s stack positions out of 5000i,500n,10000p,200000b,80000s
</usr/local/texlive/2020/texmf-dist/fonts/type1/public/amsfonts/cm/cmbx12.pfb
></usr/local/texlive/2020/texmf-dist/fonts/type1/public/amsfonts/cm/cmex10.pfb>
</usr/local/texlive/2020/texmf-dist/fonts/type1/public/amsfonts/cm/cmmi12.pfb><
/usr/local/texlive/2020/texmf-dist/fonts/type1/public/amsfonts/cm/cmmi6.pfb></u
sr/local/texlive/2020/texmf-dist/fonts/type1/public/amsfonts/cm/cmmi8.pfb></usr
/local/texlive/2020/texmf-dist/fonts/type1/public/amsfonts/cm/cmmib10.pfb></usr
/local/texlive/2020/texmf-dist/fonts/type1/public/amsfonts/cm/cmr12.pfb></usr/l
ocal/texlive/2020/texmf-dist/fonts/type1/public/amsfonts/cm/cmr8.pfb></usr/loca
l/texlive/2020/texmf-dist/fonts/type1/public/amsfonts/cm/cmss8.pfb></usr/local/
texlive/2020/texmf-dist/fonts/type1/public/amsfonts/cm/cmsy10.pfb></usr/local/t
exlive/2020/texmf-dist/fonts/type1/public/amsfonts/cm/cmsy8.pfb></usr/local/tex
live/2020/texmf-dist/fonts/type1/public/amsfonts/cm/cmti12.pfb></usr/local/texl
ive/2020/texmf-dist/fonts/type1/public/amsfonts/cm/cmtt12.pfb>
Output written on appendix-model-explanation.pdf (30 pages, 454988 bytes).
PDF statistics:
 276 PDF objects out of 1000 (max. 8388607)
 189 compressed objects within 2 object streams
 0 named destinations out of 1000 (max. 500000)
 148 words of extra memory for PDF output out of 10000 (max. 10000000)

