This is pdfTeX, Version 3.14159265-2.6-1.40.21 (TeX Live 2020) (preloaded format=pdflatex 2020.12.14)  19 MAR 2021 16:42
entering extended mode
 restricted \write18 enabled.
 file:line:error style messages enabled.
 %&-line parsing enabled.
**appendix-convergence.tex
(./appendix-convergence.tex
LaTeX2e <2020-10-01> patch level 2
L3 programming layer <2020-12-07> xparse <2020-03-03>
(/usr/local/texlive/2020/texmf-dist/tex/latex/standalone/standalone.cls
Document Class: standalone 2018/03/26 v1.3a Class to compile TeX sub-files stan
dalone
(/usr/local/texlive/2020/texmf-dist/tex/latex/tools/shellesc.sty
Package: shellesc 2019/11/08 v1.0c unified shell escape interface for LaTeX
Package shellesc Info: Restricted shell escape enabled on input line 77.
)
(/usr/local/texlive/2020/texmf-dist/tex/generic/iftex/ifluatex.sty
Package: ifluatex 2019/10/25 v1.5 ifluatex legacy package. Use iftex instead.

(/usr/local/texlive/2020/texmf-dist/tex/generic/iftex/iftex.sty
Package: iftex 2020/03/06 v1.0d TeX engine tests
))
(/usr/local/texlive/2020/texmf-dist/tex/latex/xkeyval/xkeyval.sty
Package: xkeyval 2020/11/20 v2.8 package option processing (HA)

(/usr/local/texlive/2020/texmf-dist/tex/generic/xkeyval/xkeyval.tex
(/usr/local/texlive/2020/texmf-dist/tex/generic/xkeyval/xkvutils.tex
\XKV@toks=\toks15
\XKV@tempa@toks=\toks16

(/usr/local/texlive/2020/texmf-dist/tex/generic/xkeyval/keyval.tex))
\XKV@depth=\count177
File: xkeyval.tex 2014/12/03 v2.7a key=value parser (HA)
))
\sa@internal=\count178
\c@sapage=\count179

(/usr/local/texlive/2020/texmf-dist/tex/latex/standalone/standalone.cfg
File: standalone.cfg 2018/03/26 v1.3a Default configuration file for 'standalon
e' class
)
(/usr/local/texlive/2020/texmf-dist/tex/latex/base/article.cls
Document Class: article 2020/04/10 v1.4m Standard LaTeX document class
(/usr/local/texlive/2020/texmf-dist/tex/latex/base/size10.clo
File: size10.clo 2020/04/10 v1.4m Standard LaTeX file (size option)
)
\c@part=\count180
\c@section=\count181
\c@subsection=\count182
\c@subsubsection=\count183
\c@paragraph=\count184
\c@subparagraph=\count185
\c@figure=\count186
\c@table=\count187
\abovecaptionskip=\skip47
\belowcaptionskip=\skip48
\bibindent=\dimen138
)
(/usr/local/texlive/2020/texmf-dist/tex/latex/varwidth/varwidth.sty
Package: varwidth 2009/03/30 ver 0.92;  Variable-width minipages
\@vwid@box=\box47
\sift@deathcycles=\count188
\@vwid@loff=\dimen139
\@vwid@roff=\dimen140
)
\sa@box=\box48
)
(/usr/local/texlive/2020/texmf-dist/tex/latex/caption/caption.sty
Package: caption 2020/10/26 v3.5g Customizing captions (AR)

(/usr/local/texlive/2020/texmf-dist/tex/latex/caption/caption3.sty
Package: caption3 2020/10/21 v2.2e caption3 kernel (AR)
\captionmargin=\dimen141
\captionmargin@=\dimen142
\captionwidth=\dimen143
\caption@tempdima=\dimen144
\caption@indent=\dimen145
\caption@parindent=\dimen146
\caption@hangindent=\dimen147
Package caption Info: Standard document class detected.
)
\c@caption@flags=\count189
\c@continuedfloat=\count190
)
(/usr/local/texlive/2020/texmf-dist/tex/latex/caption/subcaption.sty
Package: subcaption 2020/10/07 v1.3j Sub-captions (AR)
\c@subfigure=\count191
\c@subtable=\count192
)
(/usr/local/texlive/2020/texmf-dist/tex/latex/graphics/graphicx.sty
Package: graphicx 2020/09/09 v1.2b Enhanced LaTeX Graphics (DPC,SPQR)

(/usr/local/texlive/2020/texmf-dist/tex/latex/graphics/graphics.sty
Package: graphics 2020/08/30 v1.4c Standard LaTeX Graphics (DPC,SPQR)

(/usr/local/texlive/2020/texmf-dist/tex/latex/graphics/trig.sty
Package: trig 2016/01/03 v1.10 sin cos tan (DPC)
)
(/usr/local/texlive/2020/texmf-dist/tex/latex/graphics-cfg/graphics.cfg
File: graphics.cfg 2016/06/04 v1.11 sample graphics configuration
)
Package graphics Info: Driver file: pdftex.def on input line 105.

(/usr/local/texlive/2020/texmf-dist/tex/latex/graphics-def/pdftex.def
File: pdftex.def 2020/10/05 v1.2a Graphics/color driver for pdftex
))
\Gin@req@height=\dimen148
\Gin@req@width=\dimen149
)
(/usr/local/texlive/2020/texmf-dist/tex/latex/l3backend/l3backend-pdftex.def
File: l3backend-pdftex.def 2020-09-24 L3 backend support: PDF output (pdfTeX)
\l__kernel_color_stack_int=\count193
\l__pdf_internal_box=\box49
)
(./appendix-convergence.aux)
\openout1 = `appendix-convergence.aux'.

LaTeX Font Info:    Checking defaults for OML/cmm/m/it on input line 8.
LaTeX Font Info:    ... okay on input line 8.
LaTeX Font Info:    Checking defaults for OMS/cmsy/m/n on input line 8.
LaTeX Font Info:    ... okay on input line 8.
LaTeX Font Info:    Checking defaults for OT1/cmr/m/n on input line 8.
LaTeX Font Info:    ... okay on input line 8.
LaTeX Font Info:    Checking defaults for T1/cmr/m/n on input line 8.
LaTeX Font Info:    ... okay on input line 8.
LaTeX Font Info:    Checking defaults for TS1/cmr/m/n on input line 8.
LaTeX Font Info:    ... okay on input line 8.
LaTeX Font Info:    Checking defaults for OMX/cmex/m/n on input line 8.
LaTeX Font Info:    ... okay on input line 8.
LaTeX Font Info:    Checking defaults for U/cmr/m/n on input line 8.
LaTeX Font Info:    ... okay on input line 8.
Package caption Info: Begin \AtBeginDocument code.
Package caption Info: End \AtBeginDocument code.

(/usr/local/texlive/2020/texmf-dist/tex/context/base/mkii/supp-pdf.mkii
[Loading MPS to PDF converter (version 2006.09.02).]
\scratchcounter=\count194
\scratchdimen=\dimen150
\scratchbox=\box50
\nofMPsegments=\count195
\nofMParguments=\count196
\everyMPshowfont=\toks17
\MPscratchCnt=\count197
\MPscratchDim=\dimen151
\MPnumerator=\count198
\makeMPintoPDFobject=\count199
\everyMPtoPDFconversion=\toks18
) (/usr/local/texlive/2020/texmf-dist/tex/latex/epstopdf-pkg/epstopdf-base.sty
Package: epstopdf-base 2020-01-24 v2.11 Base part for package epstopdf
Package epstopdf-base Info: Redefining graphics rule for `.eps' on input line 4
85.

(/usr/local/texlive/2020/texmf-dist/tex/latex/latexconfig/epstopdf-sys.cfg
File: epstopdf-sys.cfg 2010/07/13 v1.3 Configuration of (r)epstopdf for TeX Liv
e
))
<../../figures/convergence/convergence-belowground-mu0_g-1.jpeg, id=1, 481.8pt 
x 481.8pt>
File: ../../figures/convergence/convergence-belowground-mu0_g-1.jpeg Graphic fi
le (type jpg)
<use ../../figures/convergence/convergence-belowground-mu0_g-1.jpeg>
Package pdftex.def Info: ../../figures/convergence/convergence-belowground-mu0_
g-1.jpeg  used on input line 14.
(pdftex.def)             Requested size: 170.71652pt x 170.71304pt.
<../../figures/convergence/convergence-belowground-mu0_g-2.jpeg, id=2, 481.8pt 
x 481.8pt>
File: ../../figures/convergence/convergence-belowground-mu0_g-2.jpeg Graphic fi
le (type jpg)
<use ../../figures/convergence/convergence-belowground-mu0_g-2.jpeg>
Package pdftex.def Info: ../../figures/convergence/convergence-belowground-mu0_
g-2.jpeg  used on input line 15.
(pdftex.def)             Requested size: 170.71652pt x 170.71304pt.
LaTeX Font Info:    External font `cmex10' loaded for size
(Font)              <7> on input line 16.
LaTeX Font Info:    External font `cmex10' loaded for size
(Font)              <5> on input line 16.
<../../figures/convergence/convergence-belowground-mu0_s-1.jpeg, id=3, 481.8pt 
x 481.8pt>
File: ../../figures/convergence/convergence-belowground-mu0_s-1.jpeg Graphic fi
le (type jpg)
<use ../../figures/convergence/convergence-belowground-mu0_s-1.jpeg>
Package pdftex.def Info: ../../figures/convergence/convergence-belowground-mu0_
s-1.jpeg  used on input line 19.
(pdftex.def)             Requested size: 170.71652pt x 170.71304pt.
<../../figures/convergence/convergence-belowground-mu0_s0-1.jpeg, id=4, 481.8pt
 x 481.8pt>
File: ../../figures/convergence/convergence-belowground-mu0_s0-1.jpeg Graphic f
ile (type jpg)
<use ../../figures/convergence/convergence-belowground-mu0_s0-1.jpeg>
Package pdftex.def Info: ../../figures/convergence/convergence-belowground-mu0_
s0-1.jpeg  used on input line 20.
(pdftex.def)             Requested size: 170.71652pt x 170.71304pt.
<../../figures/convergence/convergence-belowground-a-1.jpeg, id=5, 481.8pt x 48
1.8pt>
File: ../../figures/convergence/convergence-belowground-a-1.jpeg Graphic file (
type jpg)
<use ../../figures/convergence/convergence-belowground-a-1.jpeg>
Package pdftex.def Info: ../../figures/convergence/convergence-belowground-a-1.
jpeg  used on input line 28.
(pdftex.def)             Requested size: 170.71652pt x 170.71304pt.
File: ../../figures/convergence/convergence-belowground-mu0_s-1.jpeg Graphic fi
le (type jpg)
<use ../../figures/convergence/convergence-belowground-mu0_s-1.jpeg>
Package pdftex.def Info: ../../figures/convergence/convergence-belowground-mu0_
s-1.jpeg  used on input line 29.
(pdftex.def)             Requested size: 170.71652pt x 170.71304pt.
<../../figures/convergence/convergence-belowground-sigma_s-1.jpeg, id=6, 481.8p
t x 481.8pt>
File: ../../figures/convergence/convergence-belowground-sigma_s-1.jpeg Graphic 
file (type jpg)
<use ../../figures/convergence/convergence-belowground-sigma_s-1.jpeg>
Package pdftex.def Info: ../../figures/convergence/convergence-belowground-sigm
a_s-1.jpeg  used on input line 33.
(pdftex.def)             Requested size: 170.71652pt x 170.71304pt.
<../../figures/convergence/convergence-belowground-sigma_s-2.jpeg, id=7, 481.8p
t x 481.8pt>
File: ../../figures/convergence/convergence-belowground-sigma_s-2.jpeg Graphic 
file (type jpg)
<use ../../figures/convergence/convergence-belowground-sigma_s-2.jpeg>
Package pdftex.def Info: ../../figures/convergence/convergence-belowground-sigm
a_s-2.jpeg  used on input line 34.
(pdftex.def)             Requested size: 170.71652pt x 170.71304pt.

[1

 <../../figures/convergence/convergence-belowground-mu0_g-1.jpeg> <../../figure
s/convergence/convergence-belowground-mu0_g-2.jpeg> <../../figures/convergence/
convergence-belowground-mu0_s-1.jpeg> <../../figures/convergence/convergence-be
lowground-mu0_s0-1.jpeg> <../../figures/convergence/convergence-belowground-a-1
.jpeg> <../../figures/convergence/convergence-belowground-sigma_s-1.jpeg> <../.
./figures/convergence/convergence-belowground-sigma_s-2.jpeg>]
(./appendix-convergence.aux) ) 
Here is how much of TeX's memory you used:
 3067 strings out of 479383
 55311 string characters out of 5869387
 320137 words of memory out of 5000000
 20182 multiletter control sequences out of 15000+600000
 403430 words of font info for 27 fonts, out of 8000000 for 9000
 1141 hyphenation exceptions out of 8191
 67i,9n,115p,257b,416s stack positions out of 5000i,500n,10000p,200000b,80000s

Output written on appendix-convergence.pdf (1 page, 430575 bytes).
PDF statistics:
 15 PDF objects out of 1000 (max. 8388607)
 4 compressed objects within 1 object stream
 0 named destinations out of 1000 (max. 500000)
 36 words of extra memory for PDF output out of 10000 (max. 10000000)

