This is pdfTeX, Version 3.14159265-2.6-1.40.21 (TeX Live 2020) (preloaded format=pdflatex 2020.12.14)  22 MAR 2021 07:04
entering extended mode
 restricted \write18 enabled.
 file:line:error style messages enabled.
 %&-line parsing enabled.
**datasets.tex
(./datasets.tex
LaTeX2e <2020-10-01> patch level 2
L3 programming layer <2020-12-07> xparse <2020-03-03>

./datasets.tex:26: LaTeX Error: Missing \begin{document}.

See the LaTeX manual or LaTeX Companion for explanation.
Type  H <return>  for immediate help.
 ...                                              
                                                  
l.26   \begin{tabular}
                      { l l c c }
? 
./datasets.tex:26: Emergency stop.
 ...                                              
                                                  
l.26   \begin{tabular}
                      { l l c c }
You're in trouble here.  Try typing  <return>  to proceed.
If that doesn't work, type  X <return>  to quit.

 
Here is how much of TeX's memory you used:
 17 strings out of 479383
 519 string characters out of 5869387
 267193 words of memory out of 5000000
 17229 multiletter control sequences out of 15000+600000
 403430 words of font info for 27 fonts, out of 8000000 for 9000
 1141 hyphenation exceptions out of 8191
 13i,0n,15p,106b,21s stack positions out of 5000i,500n,10000p,200000b,80000s
./datasets.tex:26:  ==> Fatal error occurred, no output PDF file produced!
